--- Copying files at Wed Dec 22 09:07:31 UTC 2021
--- Copying files at Wed Dec 22 09:31:12 UTC 2021
--- Copying files at Wed Dec 22 09:38:49 UTC 2021
--- Copying files at Wed Dec 22 10:18:40 UTC 2021
--- Copying files at Wed Dec 22 10:32:44 UTC 2021
--- Copying files at Wed Dec 22 11:21:35 UTC 2021
--- Copying files at Wed Dec 22 11:38:34 UTC 2021
--- Copying files at Wed Dec 22 11:42:18 UTC 2021
--- Copying files at Wed Dec 22 11:47:16 UTC 2021
--- Copying files at Wed Dec 22 11:50:37 UTC 2021
--- Copying files at Wed Dec 22 12:31:28 UTC 2021
--- Copying files at Wed Dec 22 12:34:36 UTC 2021
--- Copying files at Wed Dec 22 12:39:38 UTC 2021
--- Copying files at Thu Dec 23 14:31:35 UTC 2021
--- Copying files at Thu Dec 23 16:01:44 UTC 2021
--- Copying files at Sun Dec 26 07:57:40 UTC 2021
--- Copying files at Tue Jan  4 08:18:28 UTC 2022
--- Copying files at Tue Jan  4 08:42:24 UTC 2022
--- Copying files at Tue Jan  4 08:43:26 UTC 2022
--- Copying files at Tue Jan  4 09:02:44 UTC 2022
--- Copying files at Tue Jan  4 09:06:59 UTC 2022
--- Copying files at Tue Jan  4 09:32:13 UTC 2022
--- Copying files at Tue Jan  4 10:32:57 UTC 2022
--- Copying files at Tue Jan  4 11:00:29 UTC 2022
--- Copying files at Tue Jan  4 11:39:06 UTC 2022
--- Copying files at Tue Jan  4 12:32:56 UTC 2022
--- Copying files at Tue Jan  4 12:42:50 UTC 2022
--- Copying files at Tue Jan  4 12:53:29 UTC 2022
--- Copying files at Tue Jan  4 13:05:56 UTC 2022
--- Copying files at Tue Jan  4 13:18:51 UTC 2022
--- Copying files at Tue Jan  4 13:25:41 UTC 2022
--- Copying files at Tue Jan  4 13:26:39 UTC 2022
--- Copying files at Tue Jan  4 13:36:38 UTC 2022
--- Copying files at Tue Jan  4 13:44:44 UTC 2022
--- Copying files at Thu Jan  6 12:18:46 UTC 2022
--- Copying files at Thu Jan  6 13:58:38 UTC 2022
--- Copying files at Thu Jan  6 14:00:20 UTC 2022
--- Copying files at Thu Jan  6 14:13:30 UTC 2022
